<?xml version="1.0" encoding="UTF-8"?>
<testsuites name="Mocha Tests" time="8.428" tests="6" failures="0">
  <testsuite name="Root Suite" timestamp="2025-05-16T14:37:42" tests="0" file="cypress\e2e\1-getting-started\todo.cy.js" time="0.000" failures="0">
  </testsuite>
  <testsuite name="example to-do app" timestamp="2025-05-16T14:37:42" tests="3" time="0.000" failures="0">
    <testcase name="example to-do app displays two todo items by default" time="0.913" classname="displays two todo items by default">
    </testcase>
    <testcase name="example to-do app can add new todo items" time="0.583" classname="can add new todo items">
    </testcase>
    <testcase name="example to-do app can check off an item as completed" time="0.291" classname="can check off an item as completed">
    </testcase>
  </testsuite>
  <testsuite name="with a checked task" timestamp="2025-05-16T14:37:49" tests="3" time="1.335" failures="0">
    <testcase name="example to-do app with a checked task can filter for uncompleted tasks" time="0.398" classname="can filter for uncompleted tasks">
    </testcase>
    <testcase name="example to-do app with a checked task can filter for completed tasks" time="0.419" classname="can filter for completed tasks">
    </testcase>
    <testcase name="example to-do app with a checked task can delete all completed tasks" time="0.373" classname="can delete all completed tasks">
    </testcase>
  </testsuite>
</testsuites>